A D/access-builtin////
A D/chimera////
A D/content-packs////
A D/cookie////
A D/ctl////
A D/cview////
A D/datetime////
A D/editor////
A D/finger////
A D/gnomevfs////
A D/help////
A D/inspector////
A D/interfaceinfo////
A D/irc////
A D/layout-debug////
A D/manticore////
A D/negotiateauth////
A D/p3p////
A D/pageInfo////
A D/pgpmail////
A D/pics////
A D/pref////
A D/preloader////
A D/psm-glue////
A D/python////
A D/spellcheck////
A D/sql////
A D/sroaming////
A D/tasks////
A D/transformiix////
A D/tridentprofile////
A D/typeaheadfind////
A D/universalchardet////
A D/venkman////
A D/vixen////
A D/wallet////
A D/webservices////
A D/xml-rpc////
A D/xmlextras////
A D/xmlprettyprinter////
A D/xmlterm////
R D/xmlprettyprinter////
R D/vixen////
R D/psm-glue////
R D/preloader////
R D/pics////
R D/pgpmail////
R D/pageInfo////
R D/interfaceinfo////
R D/ctl////
R D/chimera////
