A D/SSLsample////
A D/addbuiltin////
A D/atob////
A D/bltest////
A D/btoa////
A D/certcgi////
A D/certutil////
A D/cgi////
A D/checkcert////
A D/cipher////
A D/cmdlib////
A D/crlutil////
A D/crmf-cgi////
A D/crmftest////
A D/dbck////
A D/dbtest////
A D/derdump////
A D/digest////
A D/doc////
A D/ilock////
A D/include////
A D/keyutil////
A D/lib////
A D/makepqg////
A D/modutil////
A D/nssutil////
A D/ocspclnt////
A D/oidcalc////
A D/p7content////
A D/p7env////
A D/p7sign////
A D/p7verify////
A D/pk11util////
A D/pk12util////
A D/pkiutil////
A D/pp////
A D/preenc////
A D/pwdecrypt////
A D/revoker////
A D/rsaperf////
A D/samples////
A D/sdrtest////
A D/selfserv////
A D/shlibsign////
A D/signtool////
A D/signver////
A D/smimetools////
A D/sslstrength////
A D/ssltap////
A D/strsclnt////
A D/swfort////
A D/symkeyutil////
A D/tests////
A D/tstclnt////
A D/ttformat////
A D/vfychain////
A D/vfyserv////
A D/zlib////
R D/revoker////
R D/pwdecrypt////
R D/preenc////
R D/pk11util////
R D/nssutil////
R D/doc////
R D/cipher////
R D/cgi////
