A D/AccessDescription////
A D/AdministrationDomainName////
A D/AlgorithmIdentifier////
A D/AnotherName////
A D/Attribute////
A D/AttributeTypeAndValue////
A D/AuthorityInfoAccessSyntax////
A D/AuthorityKeyIdentifier////
A D/BasicConstraints////
A D/BuiltInDomainDefinedAttribute////
A D/BuiltInDomainDefinedAttributes////
A D/BuiltInStandardAttributes////
A D/CPSuri////
A D/CRLDistPointsSyntax////
A D/Certificate////
A D/CertificateList////
A D/CertificatePolicies////
A D/CommonName////
A D/CountryName////
A D/DirectoryString////
A D/DisplayText////
A D/DistributionPoint////
A D/DistributionPointName////
A D/EDIPartyName////
A D/ExtKeyUsageSyntax////
A D/ExtendedNetworkAddress////
A D/ExtensionAttribute////
A D/ExtensionAttributes////
A D/GeneralName////
A D/GeneralNames////
A D/GeneralSubtree////
A D/GeneralSubtrees////
A D/IssuingDistributionPoint////
A D/KeyUsage////
A D/Name////
A D/NameConstraints////
A D/NetworkAddress////
A D/NoticeReference////
A D/NumericUserIdentifier////
A D/ORAddress////
A D/OrganizationName////
A D/OrganizationalUnitName////
A D/OrganizationalUnitNames////
A D/PDSName////
A D/PDSParameter////
A D/PersonalName////
A D/PhysicalDeliveryCountryName////
A D/Pkcs9email////
A D/PolicyConstraints////
A D/PolicyInformation////
A D/PolicyMappings////
A D/PolicyQualifierInfo////
A D/PostalCode////
A D/PrivateDomainName////
A D/PrivateKeyUsagePeriod////
A D/RDNSequence////
A D/ReasonFlags////
A D/RelativeDistinguishedName////
A D/SubjectDirectoryAttributes////
A D/SubjectPublicKeyInfo////
A D/TBSCertList////
A D/TBSCertificate////
A D/TeletexCommonName////
A D/TeletexDomainDefinedAttribute////
A D/TeletexDomainDefinedAttributes////
A D/TeletexOrganizationName////
A D/TeletexOrganizationalUnitName////
A D/TeletexOrganizationalUnitNames////
A D/TeletexPersonalName////
A D/TerminalIdentifier////
A D/Time////
A D/UserNotice////
A D/Validity////
A D/X121Address////
A D/X520CommonName////
A D/X520LocalityName////
A D/X520Name////
A D/X520OrganizationName////
A D/X520OrganizationalUnitName////
A D/X520StateOrProvinceName////
A D/X520Title////
A D/X520countryName////
A D/X520dnQualifier////
A D/e1634Address////
A D/policyMapping////
A D/revokedCertificate////
A D/revokedCertificates////
R D/revokedCertificates////
R D/revokedCertificate////
R D/policyMapping////
R D/e1634Address////
R D/X520dnQualifier////
R D/X520countryName////
R D/X520Title////
R D/X520StateOrProvinceName////
R D/X520OrganizationalUnitName////
R D/X520OrganizationName////
R D/X520LocalityName////
R D/X520CommonName////
R D/X121Address////
R D/Validity////
R D/UserNotice////
R D/TerminalIdentifier////
R D/TeletexPersonalName////
R D/TeletexOrganizationalUnitNames////
R D/TeletexOrganizationalUnitName////
R D/TeletexOrganizationName////
R D/TeletexDomainDefinedAttributes////
R D/TeletexDomainDefinedAttribute////
R D/TeletexCommonName////
R D/TBSCertificate////
R D/TBSCertList////
R D/SubjectPublicKeyInfo////
R D/SubjectDirectoryAttributes////
R D/ReasonFlags////
R D/PrivateKeyUsagePeriod////
R D/PrivateDomainName////
R D/PostalCode////
R D/PolicyQualifierInfo////
R D/PolicyMappings////
R D/PolicyInformation////
R D/PolicyConstraints////
R D/Pkcs9email////
R D/PhysicalDeliveryCountryName////
R D/PersonalName////
R D/PDSParameter////
R D/PDSName////
R D/OrganizationalUnitNames////
R D/OrganizationalUnitName////
R D/OrganizationName////
R D/ORAddress////
R D/NumericUserIdentifier////
R D/NoticeReference////
R D/NetworkAddress////
R D/NameConstraints////
R D/KeyUsage////
R D/IssuingDistributionPoint////
R D/GeneralSubtrees////
R D/GeneralSubtree////
R D/GeneralNames////
R D/GeneralName////
R D/ExtensionAttributes////
R D/ExtensionAttribute////
R D/ExtendedNetworkAddress////
R D/ExtKeyUsageSyntax////
R D/EDIPartyName////
R D/DistributionPointName////
R D/DistributionPoint////
R D/DisplayText////
R D/DirectoryString////
R D/CountryName////
R D/CommonName////
R D/CertificatePolicies////
R D/CertificateList////
R D/Certificate////
R D/CRLDistPointsSyntax////
R D/CPSuri////
R D/BuiltInStandardAttributes////
R D/BuiltInDomainDefinedAttributes////
R D/BuiltInDomainDefinedAttribute////
R D/BasicConstraints////
R D/AuthorityKeyIdentifier////
R D/AuthorityInfoAccessSyntax////
R D/AnotherName////
R D/AdministrationDomainName////
R D/AccessDescription////
